\BOOKMARK [1][-]{Doc-Start}{\376\377\000L\000i\000s\000t\000e\000\040\000d\000e\000s\000\040\000s\000i\000g\000l\000e\000s\000\040\000e\000t\000\040\000g\000l\000o\000s\000s\000a\000i\000r\000e}{}% 1
\BOOKMARK [1][-]{section.1}{\376\377\000I\000n\000t\000r\000o\000d\000u\000c\000t\000i\000o\000n}{}% 2
\BOOKMARK [1][-]{section.2}{\376\377\000C\000o\000n\000t\000e\000x\000t\000e\000\040\000e\000t\000\040\000p\000r\000o\000b\000l\000\351\000m\000a\000t\000i\000q\000u\000e}{}% 3
\BOOKMARK [2][-]{subsection.2.1}{\376\377\000L\000e\000\040\000p\000r\000o\000b\000l\000\350\000m\000e\000\040\000m\000\351\000t\000i\000e\000r}{section.2}% 4
\BOOKMARK [2][-]{subsection.2.2}{\376\377\000F\000o\000r\000m\000u\000l\000a\000t\000i\000o\000n\000\040\000e\000n\000\040\000p\000r\000o\000b\000l\000\350\000m\000e\000\040\000d\000'\000a\000p\000p\000r\000e\000n\000t\000i\000s\000s\000a\000g\000e}{section.2}% 5
\BOOKMARK [2][-]{subsection.2.3}{\376\377\000P\000r\000o\000b\000l\000\351\000m\000a\000t\000i\000q\000u\000e}{section.2}% 6
\BOOKMARK [1][-]{section.3}{\376\377\000P\000r\000\351\000s\000e\000n\000t\000a\000t\000i\000o\000n\000\040\000d\000e\000s\000\040\000d\000o\000n\000n\000\351\000e\000s}{}% 7
\BOOKMARK [2][-]{subsection.3.1}{\376\377\000S\000o\000u\000r\000c\000e\000\040\000e\000t\000\040\000v\000u\000e\000\040\000d\000'\000e\000n\000s\000e\000m\000b\000l\000e}{section.3}% 8
\BOOKMARK [2][-]{subsection.3.2}{\376\377\000D\000e\000s\000c\000r\000i\000p\000t\000i\000o\000n\000\040\000d\000e\000s\000\040\000v\000a\000r\000i\000a\000b\000l\000e\000s}{section.3}% 9
\BOOKMARK [2][-]{subsection.3.3}{\376\377\000V\000a\000r\000i\000a\000b\000l\000e\000\040\000c\000i\000b\000l\000e\000\040\000e\000t\000\040\000d\000\351\000s\000\351\000q\000u\000i\000l\000i\000b\000r\000e}{section.3}% 10
\BOOKMARK [2][-]{subsection.3.4}{\376\377\000P\000r\000o\000b\000l\000\350\000m\000e\000s\000\040\000i\000d\000e\000n\000t\000i\000f\000i\000\351\000s\000\040\000l\000o\000r\000s\000\040\000d\000e\000\040\000l\000'\000e\000x\000p\000l\000o\000r\000a\000t\000i\000o\000n}{section.3}% 11
\BOOKMARK [1][-]{section.4}{\376\377\000P\000r\000\351\000t\000r\000a\000i\000t\000e\000m\000e\000n\000t\000\040\000d\000e\000s\000\040\000d\000o\000n\000n\000\351\000e\000s}{}% 12
\BOOKMARK [2][-]{subsection.4.1}{\376\377\000N\000e\000t\000t\000o\000y\000a\000g\000e\000\040\000d\000e\000s\000\040\000v\000a\000l\000e\000u\000r\000s\000\040\000a\000b\000e\000r\000r\000a\000n\000t\000e\000s}{section.4}% 13
\BOOKMARK [2][-]{subsection.4.2}{\376\377\000E\000n\000c\000o\000d\000a\000g\000e\000\040\000d\000e\000s\000\040\000v\000a\000r\000i\000a\000b\000l\000e\000s\000\040\000c\000a\000t\000\351\000g\000o\000r\000i\000e\000l\000l\000e\000s}{section.4}% 14
\BOOKMARK [2][-]{subsection.4.3}{\376\377\000D\000\351\000c\000o\000u\000p\000a\000g\000e\000\040\000e\000n\000t\000r\000a\000\356\000n\000e\000m\000e\000n\000t\000\040\000/\000\040\000v\000a\000l\000i\000d\000a\000t\000i\000o\000n\000\040\000/\000\040\000t\000e\000s\000t}{section.4}% 15
\BOOKMARK [2][-]{subsection.4.4}{\376\377\000I\000m\000p\000u\000t\000a\000t\000i\000o\000n\000\040\000d\000e\000s\000\040\000v\000a\000l\000e\000u\000r\000s\000\040\000m\000a\000n\000q\000u\000a\000n\000t\000e\000s}{section.4}% 16
\BOOKMARK [2][-]{subsection.4.5}{\376\377\000N\000o\000r\000m\000a\000l\000i\000s\000a\000t\000i\000o\000n}{section.4}% 17
\BOOKMARK [1][-]{section.5}{\376\377\000M\000\351\000t\000h\000o\000d\000o\000l\000o\000g\000i\000e}{}% 18
\BOOKMARK [2][-]{subsection.5.1}{\376\377\000C\000h\000o\000i\000x\000\040\000d\000e\000s\000\040\000a\000l\000g\000o\000r\000i\000t\000h\000m\000e\000s}{section.5}% 19
\BOOKMARK [2][-]{subsection.5.2}{\376\377\000P\000r\000o\000t\000o\000c\000o\000l\000e\000\040\000e\000x\000p\000\351\000r\000i\000m\000e\000n\000t\000a\000l}{section.5}% 20
\BOOKMARK [2][-]{subsection.5.3}{\376\377\000M\000\351\000t\000r\000i\000q\000u\000e\000s\000\040\000d\000'\000\351\000v\000a\000l\000u\000a\000t\000i\000o\000n}{section.5}% 21
\BOOKMARK [1][-]{section.6}{\376\377\000A\000l\000g\000o\000r\000i\000t\000h\000m\000e\000s\000\040\000i\000m\000p\000l\000\351\000m\000e\000n\000t\000\351\000s}{}% 22
\BOOKMARK [2][-]{subsection.6.1}{\376\377\000R\000\351\000g\000r\000e\000s\000s\000i\000o\000n\000\040\000l\000o\000g\000i\000s\000t\000i\000q\000u\000e}{section.6}% 23
\BOOKMARK [2][-]{subsection.6.2}{\376\377\000A\000r\000b\000r\000e\000\040\000d\000e\000\040\000d\000\351\000c\000i\000s\000i\000o\000n\000\040\000C\000A\000R\000T}{section.6}% 24
\BOOKMARK [2][-]{subsection.6.3}{\376\377\000k\000\040\000p\000l\000u\000s\000\040\000p\000r\000o\000c\000h\000e\000s\000\040\000v\000o\000i\000s\000i\000n\000s\000\040\000\050\000k\000-\000N\000N\000\051}{section.6}% 25
\BOOKMARK [1][-]{section.7}{\376\377\000R\000\351\000s\000u\000l\000t\000a\000t\000s}{}% 26
\BOOKMARK [2][-]{subsection.7.1}{\376\377\000S\000\351\000l\000e\000c\000t\000i\000o\000n\000\040\000d\000e\000s\000\040\000h\000y\000p\000e\000r\000p\000a\000r\000a\000m\000\350\000t\000r\000e\000s\000\040\000s\000u\000r\000\040\000l\000a\000\040\000v\000a\000l\000i\000d\000a\000t\000i\000o\000n}{section.7}% 27
\BOOKMARK [2][-]{subsection.7.2}{\376\377\000P\000e\000r\000f\000o\000r\000m\000a\000n\000c\000e\000s\000\040\000s\000u\000r\000\040\000l\000'\000e\000n\000s\000e\000m\000b\000l\000e\000\040\000d\000e\000\040\000t\000e\000s\000t}{section.7}% 28
\BOOKMARK [2][-]{subsection.7.3}{\376\377\000M\000a\000t\000r\000i\000c\000e\000s\000\040\000d\000e\000\040\000c\000o\000n\000f\000u\000s\000i\000o\000n}{section.7}% 29
\BOOKMARK [2][-]{subsection.7.4}{\376\377\000C\000o\000u\000r\000b\000e\000s\000\040\000R\000O\000C\000\040\000e\000t\000\040\000c\000o\000m\000p\000a\000r\000a\000i\000s\000o\000n\000\040\000g\000l\000o\000b\000a\000l\000e}{section.7}% 30
\BOOKMARK [2][-]{subsection.7.5}{\376\377\000V\000a\000l\000i\000d\000a\000t\000i\000o\000n\000\040\000d\000e\000s\000\040\000i\000m\000p\000l\000\351\000m\000e\000n\000t\000a\000t\000i\000o\000n\000s\000\040\000a\000v\000e\000c\000\040\000s\000c\000i\000k\000i\000t\000-\000l\000e\000a\000r\000n}{section.7}% 31
\BOOKMARK [1][-]{section.8}{\376\377\000A\000n\000a\000l\000y\000s\000e\000\040\000c\000r\000i\000t\000i\000q\000u\000e}{}% 32
\BOOKMARK [2][-]{subsection.8.1}{\376\377\000P\000o\000u\000r\000q\000u\000o\000i\000\040\000l\000'\000a\000r\000b\000r\000e\000\040\000d\000e\000\040\000d\000\351\000c\000i\000s\000i\000o\000n\000\040\000d\000o\000m\000i\000n\000e\000-\000t\000-\000i\000l\000\040\000?}{section.8}% 33
\BOOKMARK [2][-]{subsection.8.2}{\376\377\000L\000'\000a\000p\000p\000o\000r\000t\000\040\000m\000e\000s\000u\000r\000a\000b\000l\000e\000\040\000d\000e\000\040\000l\000'\000e\000n\000s\000e\000m\000b\000l\000e\000\040\000d\000e\000\040\000v\000a\000l\000i\000d\000a\000t\000i\000o\000n}{section.8}% 34
\BOOKMARK [2][-]{subsection.8.3}{\376\377\000S\000u\000r\000a\000p\000p\000r\000e\000n\000t\000i\000s\000s\000a\000g\000e\000\040\000:\000\040\000u\000n\000\040\000r\000i\000s\000q\000u\000e\000\040\000c\000o\000n\000t\000r\000\364\000l\000\351}{section.8}% 35
\BOOKMARK [2][-]{subsection.8.4}{\376\377\000L\000e\000\040\000r\000a\000p\000p\000e\000l\000,\000\040\000l\000i\000m\000i\000t\000e\000\040\000c\000o\000m\000m\000u\000n\000e\000\040\000a\000u\000x\000\040\000t\000r\000o\000i\000s\000\040\000m\000o\000d\000\350\000l\000e\000s}{section.8}% 36
\BOOKMARK [2][-]{subsection.8.5}{\376\377\000P\000o\000i\000n\000t\000s\000\040\000f\000o\000r\000t\000s\000\040\000e\000t\000\040\000r\000\351\000s\000e\000r\000v\000e\000s\000\040\000s\000u\000r\000\040\000l\000a\000\040\000q\000u\000a\000l\000i\000t\000\351\000\040\000d\000e\000s\000\040\000d\000o\000n\000n\000\351\000e\000s}{section.8}% 37
\BOOKMARK [1][-]{section.9}{\376\377\000L\000i\000m\000i\000t\000e\000s\000\040\000e\000t\000\040\000a\000m\000\351\000l\000i\000o\000r\000a\000t\000i\000o\000n\000s\000\040\000p\000o\000s\000s\000i\000b\000l\000e\000s}{}% 38
\BOOKMARK [1][-]{section.10}{\376\377\000C\000o\000n\000c\000l\000u\000s\000i\000o\000n}{}% 39
\BOOKMARK [2][-]{subsection.10.1}{\376\377\000B\000i\000l\000a\000n\000\040\000d\000u\000\040\000t\000r\000a\000v\000a\000i\000l\000\040\000r\000\351\000a\000l\000i\000s\000\351}{section.10}% 40
\BOOKMARK [2][-]{subsection.10.2}{\376\377\000R\000\351\000p\000o\000n\000s\000e\000\040\000\340\000\040\000l\000a\000\040\000p\000r\000o\000b\000l\000\351\000m\000a\000t\000i\000q\000u\000e}{section.10}% 41
\BOOKMARK [2][-]{subsection.10.3}{\376\377\000I\000n\000t\000\351\000r\000\352\000t\000\040\000d\000e\000\040\000l\000a\000\040\000m\000i\000g\000r\000a\000t\000i\000o\000n\000\040\000v\000e\000r\000s\000\040\000P\000y\000t\000h\000o\000n}{section.10}% 42
\BOOKMARK [2][-]{subsection.10.4}{\376\377\000B\000i\000l\000a\000n\000\040\000p\000e\000r\000s\000o\000n\000n\000e\000l\000\040\000d\000'\000a\000p\000p\000r\000e\000n\000t\000i\000s\000s\000a\000g\000e}{section.10}% 43
\BOOKMARK [1][-]{section*.29}{\376\377\000B\000i\000b\000l\000i\000o\000g\000r\000a\000p\000h\000i\000e}{}% 44
